<?xml version="1.0" encoding="UTF-8"?>
<testng-results ignored="0" total="1" passed="1" failed="0" skipped="0">
  <reporter-output>
  </reporter-output>
  <suite started-at="2021-09-09T13:55:51Z" name="Default suite" finished-at="2021-09-09T13:55:54Z" duration-ms="3192">
    <groups>
    </groups>
    <test started-at="2021-09-09T13:55:51Z" name="Default test" finished-at="2021-09-09T13:55:54Z" duration-ms="3192">
      <class name="CurrentWeatherData.GetCurrentWeatherByCityName">
        <test-method signature="ByCityName()[pri:0, instance:CurrentWeatherData.GetCurrentWeatherByCityName@740cae06]" started-at="2021-09-09T13:55:51Z" name="ByCityName" finished-at="2021-09-09T13:55:54Z" duration-ms="3132" status="PASS">
          <reporter-output>
          </reporter-output>
        </test-method> <!-- ByCityName -->
      </class> <!-- CurrentWeatherData.GetCurrentWeatherByCityName -->
    </test> <!-- Default test -->
  </suite> <!-- Default suite -->
</testng-results>
