<?xml version="1.0" encoding="UTF-8"?>
<testng-results ignored="0" total="1" passed="1" failed="0" skipped="0">
  <reporter-output>
  </reporter-output>
  <suite started-at="2021-09-08T08:04:17Z" name="Default suite" finished-at="2021-09-08T08:04:20Z" duration-ms="3051">
    <groups>
    </groups>
    <test started-at="2021-09-08T08:04:17Z" name="Default test" finished-at="2021-09-08T08:04:20Z" duration-ms="3051">
      <class name="practice.PayloadwithExternalFile">
        <test-method signature="test02()[pri:0, instance:practice.PayloadwithExternalFile@740cae06]" started-at="2021-09-08T08:04:17Z" name="test02" finished-at="2021-09-08T08:04:20Z" duration-ms="2969" status="PASS">
          <reporter-output>
          </reporter-output>
        </test-method> <!-- test02 -->
      </class> <!-- practice.PayloadwithExternalFile -->
    </test> <!-- Default test -->
  </suite> <!-- Default suite -->
</testng-results>
